patching file .gitignore
patching file 'frontend/docs/newsletter-doctype-spec.md'
patching file 'frontend/index.html'
patching file 'frontend/public/sw.js'
patching file 'frontend/src/App.vue'
patching file 'frontend/src/components/AppOnboarding.vue'
patching file 'frontend/src/components/AppraisalItem.vue'
patching file 'frontend/src/components/AttachmentDropzone.vue'
patching file 'frontend/src/components/AttendanceCalendar.vue'
patching file 'frontend/src/components/AttendanceRequestItem.vue'
patching file 'frontend/src/components/BaseLayout.vue'
patching file 'frontend/src/components/BottomTabs.vue'
patching file 'frontend/src/components/CheckInPanel.vue'
patching file 'frontend/src/components/ComplaintItem.vue'
patching file 'frontend/src/components/CustomIonModal.vue'
patching file 'frontend/src/components/EmployeeAdvanceItem.vue'
patching file 'frontend/src/components/EmployeeCheckinItem.vue'
patching file 'frontend/src/components/EventItem.vue'
patching file 'frontend/src/components/ExpenseClaimItem.vue'
patching file 'frontend/src/components/ExpenseItems.vue'
patching file 'frontend/src/components/ExpensesTable.vue'
patching file 'frontend/src/components/FormField.vue'
patching file 'frontend/src/components/FormView.vue'
patching file 'frontend/src/components/FormattedField.vue'
patching file 'frontend/src/components/Holidays.vue'
patching file 'frontend/src/components/HrPlannerCalendar.vue'
patching file 'frontend/src/components/InstallPrompt.vue'
patching file 'frontend/src/components/JalaliDatePicker.vue'
patching file 'frontend/src/components/LeaveBalance.vue'
patching file 'frontend/src/components/LeaveRequestItem.vue'
patching file 'frontend/src/components/Link.vue'
patching file 'frontend/src/components/ListView.vue'
patching file 'frontend/src/components/MissionListItem.vue'
patching file 'frontend/src/components/PersianNumberInput.vue'
patching file 'frontend/src/components/QuickLinks.vue'
patching file 'frontend/src/components/RequestActionSheet.vue'
patching file 'frontend/src/components/RequestList.vue'
patching file 'frontend/src/components/RequestPanel.vue'
patching file 'frontend/src/components/SalarySlipItem.vue'
patching file 'frontend/src/components/SearchableDropdown.vue'
patching file 'frontend/src/components/ShiftAssignmentItem.vue'
patching file 'frontend/src/components/ShiftRequestItem.vue'
patching file 'frontend/src/components/WorkflowActionSheet.vue'
patching file 'frontend/src/components/icons/AppraisalIcon.vue'
patching file 'frontend/src/components/icons/ComplaintIcon.vue'
patching file 'frontend/src/components/icons/EmployeeAdvanceIcon.vue'
patching file 'frontend/src/components/icons/EventIcon.vue'
patching file 'frontend/src/components/icons/ImprestIcon.vue'
patching file 'frontend/src/components/icons/MealIcon.vue'
patching file 'frontend/src/components/icons/MissionIcon.vue'
patching file 'frontend/src/components/icons/NewsletterIcon.vue'
patching file 'frontend/src/data/advances.js'
patching file 'frontend/src/data/appraisals.js'
patching file 'frontend/src/data/attendance.js'
patching file 'frontend/src/data/claims.js'
patching file 'frontend/src/data/complaints.js'
patching file 'frontend/src/data/config/requestSummaryFields.js'
patching file 'frontend/src/data/events.js'
patching file 'frontend/src/data/imprest.js'
patching file 'frontend/src/data/layout.js'
patching file 'frontend/src/data/leaves.js'
patching file 'frontend/src/data/missions.js'
patching file 'frontend/src/data/navigation.js'
patching file 'frontend/src/data/newsletters.js'
patching file 'frontend/src/data/notifications.js'
patching file 'frontend/src/data/session.js'
patching file 'frontend/src/data/trainingGuides.js'
patching file 'frontend/src/main.css'
patching file 'frontend/src/main.js'
patching file 'frontend/src/plugins/translationsPlugin.js'
patching file 'frontend/src/router/appraisals.js'
patching file 'frontend/src/router/attendance.js'
patching file 'frontend/src/router/complaints.js'
patching file 'frontend/src/router/events.js'
patching file 'frontend/src/router/imprest.js'
patching file 'frontend/src/router/index.js'
patching file 'frontend/src/router/meals.js'
patching file 'frontend/src/router/missions.js'
patching file 'frontend/src/router/newsletters.js'
patching file 'frontend/src/socket.js'
patching file 'frontend/src/theme/variables.css'
patching file 'frontend/src/utils/accentTheme.js'
patching file 'frontend/src/utils/colorMode.js'
patching file 'frontend/src/utils/dayjs.js'
patching file 'frontend/src/utils/formatters.js'
patching file 'frontend/src/utils/jalali.js'
patching file 'frontend/src/utils/leaveTypeLabels.js'
patching file 'frontend/src/views/AppSettings.vue'
patching file 'frontend/src/views/Home.vue'
patching file 'frontend/src/views/InvalidEmployee.vue'
patching file 'frontend/src/views/Login.vue'
patching file 'frontend/src/views/Notifications.vue'
patching file 'frontend/src/views/Profile.vue'
patching file 'frontend/src/views/TabbedView.vue'
patching file 'frontend/src/views/TrainingCenter.vue'
patching file 'frontend/src/views/appraisal/Dashboard.vue'
patching file 'frontend/src/views/appraisal/Form.vue'
patching file 'frontend/src/views/appraisal/List.vue'
patching file 'frontend/src/views/attendance/AttendanceRequestForm.vue'
patching file 'frontend/src/views/attendance/AttendanceRequestList.vue'
patching file 'frontend/src/views/attendance/Dashboard.vue'
patching file 'frontend/src/views/attendance/EmployeeCheckinList.vue'
patching file 'frontend/src/views/attendance/ShiftAllocatorScheduler.vue'
patching file 'frontend/src/views/attendance/ShiftAssignmentForm.vue'
patching file 'frontend/src/views/attendance/ShiftRequestForm.vue'
patching file 'frontend/src/views/attendance/TeamWeeklyShiftBoard.vue'
patching file 'frontend/src/views/attendance/WeeklyShiftPlanner.vue'
patching file 'frontend/src/views/complaint/Dashboard.vue'
patching file 'frontend/src/views/complaint/Form.vue'
patching file 'frontend/src/views/complaint/List.vue'
patching file 'frontend/src/views/employee_advance/Form.vue'
patching file 'frontend/src/views/employee_advance/List.vue'
patching file 'frontend/src/views/event/Dashboard.vue'
patching file 'frontend/src/views/event/Form.vue'
patching file 'frontend/src/views/event/List.vue'
patching file 'frontend/src/views/expense_claim/Form.vue'
patching file 'frontend/src/views/imprest/Calendar.vue'
patching file 'frontend/src/views/imprest/Dashboard.vue'
patching file 'frontend/src/views/imprest/QuickEntry.vue'
patching file 'frontend/src/views/leave/Dashboard.vue'
patching file 'frontend/src/views/leave/Form.vue'
patching file 'frontend/src/views/leave/List.vue'
patching file 'frontend/src/views/meal/CoordinatorBoard.vue'
patching file 'frontend/src/views/meal/Dashboard.vue'
patching file 'frontend/src/views/meal/PlanForm.vue'
patching file 'frontend/src/views/mission/Dashboard.vue'
patching file 'frontend/src/views/mission/Form.vue'
patching file 'frontend/src/views/mission/List.vue'
patching file 'frontend/src/views/newsletter/Dashboard.vue'
patching file 'frontend/src/views/newsletter/Detail.vue'
patching file 'frontend/src/views/newsletter/Form.vue'
patching file 'frontend/src/views/newsletter/Report.vue'
patching file 'frontend/src/views/salary_slip/Dashboard.vue'
patching file 'frontend/src/views/salary_slip/Detail.vue'
patching file 'frontend/vite.config.js'
patching file 'hrms/api/__init__.py'
patching file 'hrms/api/elmosanat.py'
patching file 'hrms/api/employee_checkin_export.py'
patching file 'hrms/api/employee_checkin_import.py'
patching file 'hrms/api/employee_checkin_vpn.local.json.example'
patching file 'hrms/api/employee_import_sync.py'
patching file 'hrms/api/employee_insurance_bank_sync.py'
patching file 'hrms/api/imprest.py'
patching file 'hrms/api/meal.py'
patching file 'hrms/api/newsletter.py'
patching file 'hrms/api/simpletest.py'
patching file 'hrms/api/travel.py'
patching file 'hrms/api/weekly_shift.py'
patching file 'hrms/hooks.py'
patching file 'hrms/hr/doctype/attendance_device/__init__.py'
patching file 'hrms/hr/doctype/attendance_device/attendance_device.json'
patching file 'hrms/hr/doctype/attendance_device/attendance_device.py'
patching file 'hrms/hr/doctype/attendance_request/attendance_request.json'
patching file 'hrms/hr/doctype/attendance_request/attendance_request.py'
patching file 'hrms/hr/doctype/attendance_request/test_attendance_request.py'
patching file 'hrms/hr/doctype/career_path_certification_requirement/__init__.py'
patching file 'hrms/hr/doctype/career_path_certification_requirement/career_path_certification_requirement.json'
patching file 'hrms/hr/doctype/career_path_certification_requirement/career_path_certification_requirement.py'
patching file 'hrms/hr/doctype/career_path_map/__init__.py'
patching file 'hrms/hr/doctype/career_path_map/career_path_map.json'
patching file 'hrms/hr/doctype/career_path_map/career_path_map.py'
patching file 'hrms/hr/doctype/career_path_station/__init__.py'
patching file 'hrms/hr/doctype/career_path_station/career_path_station.json'
patching file 'hrms/hr/doctype/career_path_station/career_path_station.py'
patching file 'hrms/hr/doctype/career_path_transition/__init__.py'
patching file 'hrms/hr/doctype/career_path_transition/career_path_transition.json'
patching file 'hrms/hr/doctype/career_path_transition/career_path_transition.py'
patching file 'hrms/hr/doctype/career_path_transition_link/__init__.py'
patching file 'hrms/hr/doctype/career_path_transition_link/career_path_transition_link.json'
patching file 'hrms/hr/doctype/career_path_transition_link/career_path_transition_link.py'
patching file 'hrms/hr/doctype/competency/__init__.py'
patching file 'hrms/hr/doctype/competency/competency.json'
patching file 'hrms/hr/doctype/competency/competency.py'
patching file 'hrms/hr/doctype/competency_assessment/__init__.py'
patching file 'hrms/hr/doctype/competency_assessment/competency_assessment.json'
patching file 'hrms/hr/doctype/competency_assessment/competency_assessment.py'
patching file 'hrms/hr/doctype/competency_assessment_item/__init__.py'
patching file 'hrms/hr/doctype/competency_assessment_item/competency_assessment_item.json'
patching file 'hrms/hr/doctype/competency_assessment_item/competency_assessment_item.py'
patching file 'hrms/hr/doctype/competency_behavioral_indicator/__init__.py'
patching file 'hrms/hr/doctype/competency_behavioral_indicator/competency_behavioral_indicator.json'
patching file 'hrms/hr/doctype/competency_behavioral_indicator/competency_behavioral_indicator.py'
patching file 'hrms/hr/doctype/competency_requirement/__init__.py'
patching file 'hrms/hr/doctype/competency_requirement/competency_requirement.json'
patching file 'hrms/hr/doctype/competency_requirement/competency_requirement.py'
patching file 'hrms/hr/doctype/designation_direct_report/__init__.py'
patching file 'hrms/hr/doctype/designation_direct_report/designation_direct_report.json'
patching file 'hrms/hr/doctype/designation_direct_report/designation_direct_report.py'
patching file 'hrms/hr/doctype/designation_kpi/__init__.py'
patching file 'hrms/hr/doctype/designation_kpi/designation_kpi.json'
patching file 'hrms/hr/doctype/designation_kpi/designation_kpi.py'
patching file 'hrms/hr/doctype/designation_responsibility/__init__.py'
patching file 'hrms/hr/doctype/designation_responsibility/designation_responsibility.json'
patching file 'hrms/hr/doctype/designation_responsibility/designation_responsibility.py'
patching file 'hrms/hr/doctype/designation_skill/designation_skill.json'
patching file 'hrms/hr/doctype/designation_soft_skill/__init__.py'
patching file 'hrms/hr/doctype/designation_soft_skill/designation_soft_skill.json'
patching file 'hrms/hr/doctype/designation_soft_skill/designation_soft_skill.py'
patching file 'hrms/hr/doctype/designation_working_condition/__init__.py'
patching file 'hrms/hr/doctype/designation_working_condition/designation_working_condition.json'
patching file 'hrms/hr/doctype/designation_working_condition/designation_working_condition.py'
patching file 'hrms/hr/doctype/employee_advance/employee_advance.json'
patching file 'hrms/hr/doctype/employee_advance/employee_advance.py'
patching file 'hrms/hr/doctype/employee_attendance_device_mapping/__init__.py'
patching file 'hrms/hr/doctype/employee_attendance_device_mapping/employee_attendance_device_mapping.json'
patching file 'hrms/hr/doctype/employee_attendance_device_mapping/employee_attendance_device_mapping.py'
patching file 'hrms/hr/doctype/employee_checkin/attendance_sync.py'
patching file 'hrms/hr/doctype/employee_checkin/employee_checkin.py'
patching file 'hrms/hr/doctype/employee_checkin/test_employee_checkin.py'
patching file 'hrms/hr/doctype/employee_designation_assignment/__init__.py'
patching file 'hrms/hr/doctype/employee_designation_assignment/employee_designation_assignment.json'
patching file 'hrms/hr/doctype/employee_designation_assignment/employee_designation_assignment.py'
patching file 'hrms/hr/doctype/employee_grievance/employee_grievance.py'
patching file 'hrms/hr/doctype/employee_imprest_account/__init__.py'
patching file 'hrms/hr/doctype/employee_imprest_account/employee_imprest_account.json'
patching file 'hrms/hr/doctype/employee_imprest_account/employee_imprest_account.py'
patching file 'hrms/hr/doctype/employee_meal_catalog/__init__.py'
patching file 'hrms/hr/doctype/employee_meal_catalog/employee_meal_catalog.json'
patching file 'hrms/hr/doctype/employee_meal_catalog/employee_meal_catalog.py'
patching file 'hrms/hr/doctype/employee_shift_duty_role/employee_shift_duty_role.json'
patching file 'hrms/hr/doctype/employee_shift_duty_role/employee_shift_duty_role.py'
patching file 'hrms/hr/doctype/hr_newsletter/hr_newsletter.json'
patching file 'hrms/hr/doctype/hr_newsletter/hr_newsletter.py'
patching file 'hrms/hr/doctype/hr_newsletter_poll/__init__.py'
patching file 'hrms/hr/doctype/hr_newsletter_poll/hr_newsletter_poll.json'
patching file 'hrms/hr/doctype/hr_newsletter_poll/hr_newsletter_poll.py'
patching file 'hrms/hr/doctype/hr_newsletter_poll_option/__init__.py'
patching file 'hrms/hr/doctype/hr_newsletter_poll_option/hr_newsletter_poll_option.json'
patching file 'hrms/hr/doctype/hr_newsletter_poll_option/hr_newsletter_poll_option.py'
patching file 'hrms/hr/doctype/hr_newsletter_poll_vote/__init__.py'
patching file 'hrms/hr/doctype/hr_newsletter_poll_vote/hr_newsletter_poll_vote.json'
patching file 'hrms/hr/doctype/hr_newsletter_poll_vote/hr_newsletter_poll_vote.py'
patching file 'hrms/hr/doctype/hr_newsletter_receipt/hr_newsletter_receipt.json'
patching file 'hrms/hr/doctype/hr_newsletter_receipt/hr_newsletter_receipt.py'
patching file 'hrms/hr/doctype/idp_competency_goal/__init__.py'
patching file 'hrms/hr/doctype/idp_competency_goal/idp_competency_goal.json'
patching file 'hrms/hr/doctype/idp_competency_goal/idp_competency_goal.py'
patching file 'hrms/hr/doctype/idp_development_action/__init__.py'
patching file 'hrms/hr/doctype/idp_development_action/idp_development_action.json'
patching file 'hrms/hr/doctype/idp_development_action/idp_development_action.py'
patching file 'hrms/hr/doctype/idp_milestone/__init__.py'
patching file 'hrms/hr/doctype/idp_milestone/idp_milestone.json'
patching file 'hrms/hr/doctype/idp_milestone/idp_milestone.py'
patching file 'hrms/hr/doctype/idp_review/__init__.py'
patching file 'hrms/hr/doctype/idp_review/idp_review.json'
patching file 'hrms/hr/doctype/idp_review/idp_review.py'
patching file 'hrms/hr/doctype/individual_development_plan/__init__.py'
patching file 'hrms/hr/doctype/individual_development_plan/individual_development_plan.json'
patching file 'hrms/hr/doctype/individual_development_plan/individual_development_plan.py'
patching file 'hrms/hr/doctype/job_family/__init__.py'
patching file 'hrms/hr/doctype/job_family/job_family.json'
patching file 'hrms/hr/doctype/job_family/job_family.py'
patching file 'hrms/hr/doctype/job_family_grade/__init__.py'
patching file 'hrms/hr/doctype/job_family_grade/job_family_grade.json'
patching file 'hrms/hr/doctype/job_family_grade/job_family_grade.py'
patching file 'hrms/hr/doctype/job_grade/__init__.py'
patching file 'hrms/hr/doctype/job_grade/job_grade.json'
patching file 'hrms/hr/doctype/job_grade/job_grade.py'
patching file 'hrms/hr/doctype/leave_application/leave_application.json'
patching file 'hrms/hr/doctype/leave_application/leave_application.py'
patching file 'hrms/hr/doctype/leave_type/leave_type.json'
patching file 'hrms/hr/doctype/meal_reservation/__init__.py'
patching file 'hrms/hr/doctype/meal_reservation/meal_reservation.json'
patching file 'hrms/hr/doctype/meal_reservation/meal_reservation.py'
patching file 'hrms/hr/doctype/meal_weekly_plan/__init__.py'
patching file 'hrms/hr/doctype/meal_weekly_plan/meal_weekly_plan.json'
patching file 'hrms/hr/doctype/meal_weekly_plan/meal_weekly_plan.py'
patching file 'hrms/hr/doctype/meal_weekly_plan_item/__init__.py'
patching file 'hrms/hr/doctype/meal_weekly_plan_item/meal_weekly_plan_item.json'
patching file 'hrms/hr/doctype/meal_weekly_plan_item/meal_weekly_plan_item.py'
patching file 'hrms/hr/doctype/nine_box_assessment/__init__.py'
patching file 'hrms/hr/doctype/nine_box_assessment/nine_box_assessment.json'
patching file 'hrms/hr/doctype/nine_box_assessment/nine_box_assessment.py'
patching file 'hrms/hr/doctype/nine_box_cycle/__init__.py'
patching file 'hrms/hr/doctype/nine_box_cycle/nine_box_cycle.json'
patching file 'hrms/hr/doctype/nine_box_cycle/nine_box_cycle.py'
patching file 'hrms/hr/doctype/pwa_notification/pwa_notification.json'
patching file 'hrms/hr/doctype/pwa_notification/pwa_notification.py'
patching file 'hrms/hr/doctype/shift_duty_role/shift_duty_role.js'
patching file 'hrms/hr/doctype/shift_duty_role/shift_duty_role.json'
patching file 'hrms/hr/doctype/shift_duty_role/shift_duty_role.py'
patching file 'hrms/hr/doctype/shift_duty_role/shift_duty_role_list.js'
patching file 'hrms/hr/doctype/weekly_shift_finalization/weekly_shift_finalization.json'
patching file 'hrms/hr/doctype/weekly_shift_finalization/weekly_shift_finalization.py'
patching file 'hrms/hr/doctype/weekly_shift_finalization_slot/weekly_shift_finalization_slot.json'
patching file 'hrms/hr/doctype/weekly_shift_finalization_slot/weekly_shift_finalization_slot.py'
patching file 'hrms/hr/doctype/weekly_shift_plan/weekly_shift_plan.js'
patching file 'hrms/hr/doctype/weekly_shift_plan/weekly_shift_plan.json'
patching file 'hrms/hr/doctype/weekly_shift_plan/weekly_shift_plan.py'
patching file 'hrms/hr/doctype/weekly_shift_plan/weekly_shift_plan_list.js'
patching file 'hrms/hr/doctype/weekly_shift_plan_slot/weekly_shift_plan_slot.json'
patching file 'hrms/hr/doctype/weekly_shift_plan_slot/weekly_shift_plan_slot.py'
patching file 'hrms/hr/doctype/weekly_shift_planner_settings/weekly_shift_planner_settings.js'
patching file 'hrms/hr/doctype/weekly_shift_planner_settings/weekly_shift_planner_settings.json'
patching file 'hrms/hr/doctype/weekly_shift_planner_settings/weekly_shift_planner_settings.py'
patching file 'hrms/hr/report/smart_attendance_report/__init__.py'
patching file 'hrms/hr/report/smart_attendance_report/smart_attendance_report.js'
patching file 'hrms/hr/report/smart_attendance_report/smart_attendance_report.json'
patching file 'hrms/hr/report/smart_attendance_report/smart_attendance_report.py'
patching file 'hrms/hr/utils.py'
patching file 'hrms/hr/workspace/hr/hr.json'
patching file 'hrms/hr/workspace/human_resources/human_resources.json'
patching file 'hrms/hr/workspace/performance/performance.json'
patching file 'hrms/hr/workspace/shift_&_attendance/shift_&_attendance.json'
patching file 'hrms/overrides/company.py'
patching file 'hrms/overrides/designation_job_architecture.py'
patching file 'hrms/overrides/employee_designation.py'
patching file 'hrms/overrides/employee_master.py'
patching file 'hrms/patches/v15_0/add_competency_model_setup.py'
patching file 'hrms/patches/v15_0/add_designation_jd_fields.py'
patching file 'hrms/patches/v15_0/add_idp_and_nine_box_employee_fields.py'
patching file 'hrms/patches/v15_0/add_imprest_fields_to_journal_entry.py'
patching file 'hrms/patches/v15_0/add_iran_payroll_structure_and_components.py'
patching file 'hrms/patches/v15_0/add_iran_workspace_links.py'
patching file 'hrms/patches/v15_0/backfill_attendance_device_master.py'
patching file 'hrms/patches/v15_0/create_employee_grievance_mobile_setup.py'
patching file 'hrms/patches/v15_0/create_employee_imprest_setup.py'
patching file 'hrms/patches/v15_0/create_iran_localisation_fixtures.py'
patching file 'hrms/patches/v15_0/create_meal_management_setup.py'
patching file 'hrms/patches/v15_0/create_weekly_shift_planner_fields.py'
patching file 'hrms/patches/v15_0/ensure_farsi_talent_workspace_visibility.py'
patching file 'hrms/patches/v15_0/extend_meal_management_for_chef_and_designations.py'
patching file 'hrms/patches/v15_0/finalize_farsi_talent_setup.py'
patching file 'hrms/patches/v15_0/localize_designation_labels_and_add_job_architecture.py'
patching file 'hrms/patches/v15_0/localize_designations_and_create_appraisal_templates.py'
patching file 'hrms/patches/v15_0/migrate_employee_attendance_device_mappings.py'
patching file 'hrms/patches/v15_0/normalize_attendance_device_ids.py'
patching file 'hrms/patches/v15_0/remap_smart_attendance_report_to_hr.py'
patching file 'hrms/patches/v15_0/restore_human_resources_workspace_structure.py'
patching file 'hrms/patches/v15_0/seed_hr_goals.py'
patching file 'hrms/patches/v15_0/seed_iran_payroll_default_rules.py'
patching file 'hrms/patches/v15_0/seed_persian_appraisal_cycles_groups_grades_and_skill_maps.py'
patching file 'hrms/patches/v15_0/update_employee_grievance_feedback_fields.py'
patching file 'hrms/patches/v15_0/update_iran_farsi_labels_and_employee_fields.py'
patching file 'hrms/patches.txt'
patching file 'hrms/payroll/doctype/iran_payroll_settings/iran_payroll_settings.json'
patching file 'hrms/payroll/doctype/iran_payroll_settings/iran_payroll_settings.py'
patching file 'hrms/payroll/doctype/iran_payroll_tax_slab/iran_payroll_tax_slab.json'
patching file 'hrms/payroll/doctype/iran_payroll_tax_slab/iran_payroll_tax_slab.py'
patching file 'hrms/payroll/doctype/iran_payroll_yearly_rule/iran_payroll_yearly_rule.json'
patching file 'hrms/payroll/doctype/iran_payroll_yearly_rule/iran_payroll_yearly_rule.py'
patching file 'hrms/payroll/print_format/persian_salary_slip/persian_salary_slip.html'
patching file 'hrms/payroll/print_format/persian_salary_slip/persian_salary_slip.json'
patching file 'hrms/payroll/workspace/payroll/payroll.json'
patching file 'hrms/public/frontend/frappe-push-notification.js'
patching file 'hrms/public/frontend/index.html'
patching file 'hrms/public/frontend/sw.js'
patching file 'hrms/public/js/employee_salary_calculator.js'
patching file 'hrms/public/manifest/manifest.webmanifest'
patching file 'hrms/regional/iran/data/salary_components.json'
patching file 'hrms/regional/iran/setup.py'
patching file 'hrms/regional/iran/utils.py'
patching file 'hrms/setup.py'
patching file 'hrms/tests/test_imprest_api.py'
patching file 'hrms/utils/attendance_device_mapping.py'
patching file 'hrms/utils/jalali_helper.py'
patching file 'hrms/workspace_sync.py'
patching file 'hrms/www/hrms.html'
patching file 'hrms/www/roster.html'
